<?xml version="1.0" encoding="UTF-8"?>
<robot generator="Robot 5.0.1 (Python 3.10.5 on darwin)" generated="20220611 13:35:20.310" rpa="false" schemaversion="3">
<suite id="s1" name="Main" source="/Users/simaoabreu/Documents/GitHub/qa-automation-project/UiTests/main.robot">
<test id="s1-t1" name="Scenario 1: Login Test" line="46">
<kw name="Given open Website">
<kw name="Open Browser" library="SeleniumLibrary">
<arg>${WEBSITE URL}</arg>
<arg>${BROWSER}</arg>
<doc>Opens a new browser instance to the optional ``url``.</doc>
<msg timestamp="20220611 13:35:20.614" level="INFO">Opening browser 'Chrome' to base url 'http://localhost:3000'.</msg>
<status status="PASS" starttime="20220611 13:35:20.614" endtime="20220611 13:35:23.367"/>
</kw>
<status status="PASS" starttime="20220611 13:35:20.613" endtime="20220611 13:35:23.367"/>
</kw>
<kw name="When insert Login">
<kw name="Input Text" library="SeleniumLibrary">
<arg>${INPUT_EMAIL}</arg>
<arg>${EMAIL}</arg>
<doc>Types the given ``text`` into the text field identified by ``locator``.</doc>
<msg timestamp="20220611 13:35:23.370" level="INFO">Typing text 'simao@doctor.com' into text field '//input[@placeholder="email"]'.</msg>
<status status="PASS" starttime="20220611 13:35:23.369" endtime="20220611 13:35:23.567"/>
</kw>
<kw name="Input Text" library="SeleniumLibrary">
<arg>${INPUT_PASS}</arg>
<arg>${PASSWORD}</arg>
<doc>Types the given ``text`` into the text field identified by ``locator``.</doc>
<msg timestamp="20220611 13:35:23.568" level="INFO">Typing text 'qwerty' into text field '//input[@placeholder="password"]'.</msg>
<status status="PASS" starttime="20220611 13:35:23.567" endtime="20220611 13:35:23.648"/>
</kw>
<kw name="Click Element" library="SeleniumLibrary">
<arg>${BUTTON_LOGIN}</arg>
<doc>Click the element identified by ``locator``.</doc>
<msg timestamp="20220611 13:35:23.649" level="INFO">Clicking element '//input[@type="submit"]'.</msg>
<status status="PASS" starttime="20220611 13:35:23.648" endtime="20220611 13:35:23.718"/>
</kw>
<kw name="Sleep" library="BuiltIn">
<arg>3</arg>
<doc>Pauses the test executed for the given time.</doc>
<msg timestamp="20220611 13:35:26.721" level="INFO">Slept 3 seconds</msg>
<status status="PASS" starttime="20220611 13:35:23.718" endtime="20220611 13:35:26.721"/>
</kw>
<kw name="Element Should Contain" library="SeleniumLibrary">
<arg>${SPAN_LOGINFO}</arg>
<arg>Logged in as</arg>
<doc>Verifies that element ``locator`` contains text ``expected``.</doc>
<msg timestamp="20220611 13:35:26.748" level="INFO">Element '//*[@id="loginInfo"]' contains text 'Logged in as'.</msg>
<status status="PASS" starttime="20220611 13:35:26.722" endtime="20220611 13:35:26.748"/>
</kw>
<status status="PASS" starttime="20220611 13:35:23.368" endtime="20220611 13:35:26.748"/>
</kw>
<kw name="Then Wait Until Element Is Visible" library="SeleniumLibrary">
<arg>${BUTTON_LOGOUT}</arg>
<arg>5</arg>
<doc>Waits until the element ``locator`` is visible.</doc>
<status status="PASS" starttime="20220611 13:35:26.748" endtime="20220611 13:35:26.772"/>
</kw>
<kw name="Close Browser" library="SeleniumLibrary">
<doc>Closes the current browser.</doc>
<status status="PASS" starttime="20220611 13:35:26.772" endtime="20220611 13:35:26.859"/>
</kw>
<timeout value="2 minutes"/>
<status status="PASS" starttime="20220611 13:35:20.612" endtime="20220611 13:35:26.859"/>
</test>
<test id="s1-t2" name="Scenario 2: Logout Test" line="52">
<kw name="Given open Website">
<kw name="Open Browser" library="SeleniumLibrary">
<arg>${WEBSITE URL}</arg>
<arg>${BROWSER}</arg>
<doc>Opens a new browser instance to the optional ``url``.</doc>
<msg timestamp="20220611 13:35:26.863" level="INFO">Opening browser 'Chrome' to base url 'http://localhost:3000'.</msg>
<status status="PASS" starttime="20220611 13:35:26.863" endtime="20220611 13:35:29.261"/>
</kw>
<status status="PASS" starttime="20220611 13:35:26.861" endtime="20220611 13:35:29.262"/>
</kw>
<kw name="When insert Login">
<kw name="Input Text" library="SeleniumLibrary">
<arg>${INPUT_EMAIL}</arg>
<arg>${EMAIL}</arg>
<doc>Types the given ``text`` into the text field identified by ``locator``.</doc>
<msg timestamp="20220611 13:35:29.264" level="INFO">Typing text 'simao@doctor.com' into text field '//input[@placeholder="email"]'.</msg>
<status status="PASS" starttime="20220611 13:35:29.263" endtime="20220611 13:35:29.431"/>
</kw>
<kw name="Input Text" library="SeleniumLibrary">
<arg>${INPUT_PASS}</arg>
<arg>${PASSWORD}</arg>
<doc>Types the given ``text`` into the text field identified by ``locator``.</doc>
<msg timestamp="20220611 13:35:29.432" level="INFO">Typing text 'qwerty' into text field '//input[@placeholder="password"]'.</msg>
<status status="PASS" starttime="20220611 13:35:29.432" endtime="20220611 13:35:29.513"/>
</kw>
<kw name="Click Element" library="SeleniumLibrary">
<arg>${BUTTON_LOGIN}</arg>
<doc>Click the element identified by ``locator``.</doc>
<msg timestamp="20220611 13:35:29.513" level="INFO">Clicking element '//input[@type="submit"]'.</msg>
<status status="PASS" starttime="20220611 13:35:29.513" endtime="20220611 13:35:29.582"/>
</kw>
<kw name="Sleep" library="BuiltIn">
<arg>3</arg>
<doc>Pauses the test executed for the given time.</doc>
<msg timestamp="20220611 13:35:32.585" level="INFO">Slept 3 seconds</msg>
<status status="PASS" starttime="20220611 13:35:29.583" endtime="20220611 13:35:32.585"/>
</kw>
<kw name="Element Should Contain" library="SeleniumLibrary">
<arg>${SPAN_LOGINFO}</arg>
<arg>Logged in as</arg>
<doc>Verifies that element ``locator`` contains text ``expected``.</doc>
<msg timestamp="20220611 13:35:32.612" level="INFO">Element '//*[@id="loginInfo"]' contains text 'Logged in as'.</msg>
<status status="PASS" starttime="20220611 13:35:32.585" endtime="20220611 13:35:32.612"/>
</kw>
<status status="PASS" starttime="20220611 13:35:29.263" endtime="20220611 13:35:32.612"/>
</kw>
<kw name="And Click Element" library="SeleniumLibrary">
<arg>${BUTTON_LOGOUT}</arg>
<doc>Click the element identified by ``locator``.</doc>
<msg timestamp="20220611 13:35:32.612" level="INFO">Clicking element '//button[@id="logout"]'.</msg>
<status status="PASS" starttime="20220611 13:35:32.612" endtime="20220611 13:35:32.648"/>
</kw>
<kw name="Then Wait Until Element Is Visible" library="SeleniumLibrary">
<arg>${BUTTON_LOGIN}</arg>
<arg>5</arg>
<doc>Waits until the element ``locator`` is visible.</doc>
<status status="PASS" starttime="20220611 13:35:32.648" endtime="20220611 13:35:32.669"/>
</kw>
<kw name="Close Browser" library="SeleniumLibrary">
<doc>Closes the current browser.</doc>
<status status="PASS" starttime="20220611 13:35:32.670" endtime="20220611 13:35:32.768"/>
</kw>
<timeout value="2 minutes"/>
<status status="PASS" starttime="20220611 13:35:26.860" endtime="20220611 13:35:32.768"/>
</test>
<test id="s1-t3" name="Scenario 3: Wrong Login Check" line="59">
<kw name="Given open Website">
<kw name="Open Browser" library="SeleniumLibrary">
<arg>${WEBSITE URL}</arg>
<arg>${BROWSER}</arg>
<doc>Opens a new browser instance to the optional ``url``.</doc>
<msg timestamp="20220611 13:35:32.771" level="INFO">Opening browser 'Chrome' to base url 'http://localhost:3000'.</msg>
<status status="PASS" starttime="20220611 13:35:32.770" endtime="20220611 13:35:35.100"/>
</kw>
<status status="PASS" starttime="20220611 13:35:32.770" endtime="20220611 13:35:35.101"/>
</kw>
<kw name="When insert Wrong Login">
<kw name="Input Text" library="SeleniumLibrary">
<arg>${INPUT_EMAIL}</arg>
<arg>${WRONG_EMAIL}</arg>
<doc>Types the given ``text`` into the text field identified by ``locator``.</doc>
<msg timestamp="20220611 13:35:35.103" level="INFO">Typing text 'random@doctor.com' into text field '//input[@placeholder="email"]'.</msg>
<status status="PASS" starttime="20220611 13:35:35.102" endtime="20220611 13:35:35.302"/>
</kw>
<kw name="Input Text" library="SeleniumLibrary">
<arg>${INPUT_PASS}</arg>
<arg>${WRONG_PASSWORD}</arg>
<doc>Types the given ``text`` into the text field identified by ``locator``.</doc>
<msg timestamp="20220611 13:35:35.303" level="INFO">Typing text 'random' into text field '//input[@placeholder="password"]'.</msg>
<status status="PASS" starttime="20220611 13:35:35.303" endtime="20220611 13:35:35.383"/>
</kw>
<kw name="Click Element" library="SeleniumLibrary">
<arg>${BUTTON_LOGIN}</arg>
<doc>Click the element identified by ``locator``.</doc>
<msg timestamp="20220611 13:35:35.384" level="INFO">Clicking element '//input[@type="submit"]'.</msg>
<status status="PASS" starttime="20220611 13:35:35.383" endtime="20220611 13:35:35.453"/>
</kw>
<kw name="Sleep" library="BuiltIn">
<arg>3</arg>
<doc>Pauses the test executed for the given time.</doc>
<msg timestamp="20220611 13:35:38.454" level="INFO">Slept 3 seconds</msg>
<status status="PASS" starttime="20220611 13:35:35.453" endtime="20220611 13:35:38.454"/>
</kw>
<status status="PASS" starttime="20220611 13:35:35.102" endtime="20220611 13:35:38.454"/>
</kw>
<kw name="Then Wait Until Element Is Visible" library="SeleniumLibrary">
<arg>${SPAN_FAIL_LOGIN}</arg>
<arg>5</arg>
<doc>Waits until the element ``locator`` is visible.</doc>
<status status="PASS" starttime="20220611 13:35:38.455" endtime="20220611 13:35:38.481"/>
</kw>
<kw name="Close Browser" library="SeleniumLibrary">
<doc>Closes the current browser.</doc>
<status status="PASS" starttime="20220611 13:35:38.481" endtime="20220611 13:35:38.563"/>
</kw>
<timeout value="2 minutes"/>
<status status="PASS" starttime="20220611 13:35:32.769" endtime="20220611 13:35:38.563"/>
</test>
<test id="s1-t4" name="Scenario 4: Check Next Case Button Disabled" line="65">
<kw name="Given open Website">
<kw name="Open Browser" library="SeleniumLibrary">
<arg>${WEBSITE URL}</arg>
<arg>${BROWSER}</arg>
<doc>Opens a new browser instance to the optional ``url``.</doc>
<msg timestamp="20220611 13:35:38.568" level="INFO">Opening browser 'Chrome' to base url 'http://localhost:3000'.</msg>
<status status="PASS" starttime="20220611 13:35:38.567" endtime="20220611 13:35:40.908"/>
</kw>
<status status="PASS" starttime="20220611 13:35:38.566" endtime="20220611 13:35:40.908"/>
</kw>
<kw name="When insert Login">
<kw name="Input Text" library="SeleniumLibrary">
<arg>${INPUT_EMAIL}</arg>
<arg>${EMAIL}</arg>
<doc>Types the given ``text`` into the text field identified by ``locator``.</doc>
<msg timestamp="20220611 13:35:40.910" level="INFO">Typing text 'simao@doctor.com' into text field '//input[@placeholder="email"]'.</msg>
<status status="PASS" starttime="20220611 13:35:40.909" endtime="20220611 13:35:41.117"/>
</kw>
<kw name="Input Text" library="SeleniumLibrary">
<arg>${INPUT_PASS}</arg>
<arg>${PASSWORD}</arg>
<doc>Types the given ``text`` into the text field identified by ``locator``.</doc>
<msg timestamp="20220611 13:35:41.118" level="INFO">Typing text 'qwerty' into text field '//input[@placeholder="password"]'.</msg>
<status status="PASS" starttime="20220611 13:35:41.117" endtime="20220611 13:35:41.198"/>
</kw>
<kw name="Click Element" library="SeleniumLibrary">
<arg>${BUTTON_LOGIN}</arg>
<doc>Click the element identified by ``locator``.</doc>
<msg timestamp="20220611 13:35:41.199" level="INFO">Clicking element '//input[@type="submit"]'.</msg>
<status status="PASS" starttime="20220611 13:35:41.198" endtime="20220611 13:35:41.265"/>
</kw>
<kw name="Sleep" library="BuiltIn">
<arg>3</arg>
<doc>Pauses the test executed for the given time.</doc>
<msg timestamp="20220611 13:35:44.268" level="INFO">Slept 3 seconds</msg>
<status status="PASS" starttime="20220611 13:35:41.265" endtime="20220611 13:35:44.268"/>
</kw>
<kw name="Element Should Contain" library="SeleniumLibrary">
<arg>${SPAN_LOGINFO}</arg>
<arg>Logged in as</arg>
<doc>Verifies that element ``locator`` contains text ``expected``.</doc>
<msg timestamp="20220611 13:35:44.296" level="INFO">Element '//*[@id="loginInfo"]' contains text 'Logged in as'.</msg>
<status status="PASS" starttime="20220611 13:35:44.269" endtime="20220611 13:35:44.296"/>
</kw>
<status status="PASS" starttime="20220611 13:35:40.909" endtime="20220611 13:35:44.297"/>
</kw>
<kw name="Then Element Should Be Disabled" library="SeleniumLibrary">
<arg>${BUTTON_NEXT}</arg>
<doc>Verifies that element identified by ``locator`` is disabled.</doc>
<status status="PASS" starttime="20220611 13:35:44.297" endtime="20220611 13:35:44.315"/>
</kw>
<kw name="Sleep" library="BuiltIn">
<arg>3</arg>
<doc>Pauses the test executed for the given time.</doc>
<msg timestamp="20220611 13:35:47.318" level="INFO">Slept 3 seconds</msg>
<status status="PASS" starttime="20220611 13:35:44.315" endtime="20220611 13:35:47.318"/>
</kw>
<kw name="Close Browser" library="SeleniumLibrary">
<doc>Closes the current browser.</doc>
<status status="PASS" starttime="20220611 13:35:47.318" endtime="20220611 13:35:47.404"/>
</kw>
<timeout value="2 minutes"/>
<status status="PASS" starttime="20220611 13:35:38.564" endtime="20220611 13:35:47.404"/>
</test>
<test id="s1-t5" name="Scenario 5: Fullfill all cases" line="72">
<kw name="Given open Website">
<kw name="Open Browser" library="SeleniumLibrary">
<arg>${WEBSITE URL}</arg>
<arg>${BROWSER}</arg>
<doc>Opens a new browser instance to the optional ``url``.</doc>
<msg timestamp="20220611 13:35:47.407" level="INFO">Opening browser 'Chrome' to base url 'http://localhost:3000'.</msg>
<status status="PASS" starttime="20220611 13:35:47.407" endtime="20220611 13:35:49.779"/>
</kw>
<status status="PASS" starttime="20220611 13:35:47.406" endtime="20220611 13:35:49.779"/>
</kw>
<kw name="When insert Login">
<kw name="Input Text" library="SeleniumLibrary">
<arg>${INPUT_EMAIL}</arg>
<arg>${EMAIL}</arg>
<doc>Types the given ``text`` into the text field identified by ``locator``.</doc>
<msg timestamp="20220611 13:35:49.781" level="INFO">Typing text 'simao@doctor.com' into text field '//input[@placeholder="email"]'.</msg>
<status status="PASS" starttime="20220611 13:35:49.781" endtime="20220611 13:35:49.979"/>
</kw>
<kw name="Input Text" library="SeleniumLibrary">
<arg>${INPUT_PASS}</arg>
<arg>${PASSWORD}</arg>
<doc>Types the given ``text`` into the text field identified by ``locator``.</doc>
<msg timestamp="20220611 13:35:49.980" level="INFO">Typing text 'qwerty' into text field '//input[@placeholder="password"]'.</msg>
<status status="PASS" starttime="20220611 13:35:49.979" endtime="20220611 13:35:50.084"/>
</kw>
<kw name="Click Element" library="SeleniumLibrary">
<arg>${BUTTON_LOGIN}</arg>
<doc>Click the element identified by ``locator``.</doc>
<msg timestamp="20220611 13:35:50.085" level="INFO">Clicking element '//input[@type="submit"]'.</msg>
<status status="PASS" starttime="20220611 13:35:50.085" endtime="20220611 13:35:50.156"/>
</kw>
<kw name="Sleep" library="BuiltIn">
<arg>3</arg>
<doc>Pauses the test executed for the given time.</doc>
<msg timestamp="20220611 13:35:53.156" level="INFO">Slept 3 seconds</msg>
<status status="PASS" starttime="20220611 13:35:50.156" endtime="20220611 13:35:53.157"/>
</kw>
<kw name="Element Should Contain" library="SeleniumLibrary">
<arg>${SPAN_LOGINFO}</arg>
<arg>Logged in as</arg>
<doc>Verifies that element ``locator`` contains text ``expected``.</doc>
<msg timestamp="20220611 13:35:53.185" level="INFO">Element '//*[@id="loginInfo"]' contains text 'Logged in as'.</msg>
<status status="PASS" starttime="20220611 13:35:53.157" endtime="20220611 13:35:53.185"/>
</kw>
<status status="PASS" starttime="20220611 13:35:49.780" endtime="20220611 13:35:53.185"/>
</kw>
<kw name="And Select From List By Index" library="SeleniumLibrary">
<arg>${SELECT_CONDITION}</arg>
<arg>2</arg>
<doc>Selects options from selection list ``locator`` by ``indexes``.</doc>
<msg timestamp="20220611 13:35:53.186" level="INFO">Selecting options from selection list '//select[@id="conditions"]' by index 2.</msg>
<status status="PASS" starttime="20220611 13:35:53.186" endtime="20220611 13:35:53.274"/>
</kw>
<kw name="And Click Element" library="SeleniumLibrary">
<arg>${BUTTON_NEXT}</arg>
<doc>Click the element identified by ``locator``.</doc>
<msg timestamp="20220611 13:35:53.274" level="INFO">Clicking element '//button[@id="nextCase"]'.</msg>
<status status="PASS" starttime="20220611 13:35:53.274" endtime="20220611 13:35:53.312"/>
</kw>
<kw name="Sleep" library="BuiltIn">
<arg>3</arg>
<doc>Pauses the test executed for the given time.</doc>
<msg timestamp="20220611 13:35:56.313" level="INFO">Slept 3 seconds</msg>
<status status="PASS" starttime="20220611 13:35:53.312" endtime="20220611 13:35:56.314"/>
</kw>
<kw name="And Select From List By Index" library="SeleniumLibrary">
<arg>${SELECT_CONDITION}</arg>
<arg>3</arg>
<doc>Selects options from selection list ``locator`` by ``indexes``.</doc>
<msg timestamp="20220611 13:35:56.315" level="INFO">Selecting options from selection list '//select[@id="conditions"]' by index 3.</msg>
<status status="PASS" starttime="20220611 13:35:56.314" endtime="20220611 13:35:56.399"/>
</kw>
<kw name="And Click Element" library="SeleniumLibrary">
<arg>${BUTTON_NEXT}</arg>
<doc>Click the element identified by ``locator``.</doc>
<msg timestamp="20220611 13:35:56.399" level="INFO">Clicking element '//button[@id="nextCase"]'.</msg>
<status status="PASS" starttime="20220611 13:35:56.399" endtime="20220611 13:35:56.423"/>
</kw>
<kw name="Sleep" library="BuiltIn">
<arg>3</arg>
<doc>Pauses the test executed for the given time.</doc>
<msg timestamp="20220611 13:35:59.424" level="INFO">Slept 3 seconds</msg>
<status status="PASS" starttime="20220611 13:35:56.424" endtime="20220611 13:35:59.424"/>
</kw>
<kw name="And Select From List By Index" library="SeleniumLibrary">
<arg>${SELECT_CONDITION}</arg>
<arg>4</arg>
<doc>Selects options from selection list ``locator`` by ``indexes``.</doc>
<msg timestamp="20220611 13:35:59.425" level="INFO">Selecting options from selection list '//select[@id="conditions"]' by index 4.</msg>
<status status="PASS" starttime="20220611 13:35:59.425" endtime="20220611 13:35:59.510"/>
</kw>
<kw name="And Click Element" library="SeleniumLibrary">
<arg>${BUTTON_NEXT}</arg>
<doc>Click the element identified by ``locator``.</doc>
<msg timestamp="20220611 13:35:59.511" level="INFO">Clicking element '//button[@id="nextCase"]'.</msg>
<status status="PASS" starttime="20220611 13:35:59.511" endtime="20220611 13:35:59.538"/>
</kw>
<kw name="Sleep" library="BuiltIn">
<arg>3</arg>
<doc>Pauses the test executed for the given time.</doc>
<msg timestamp="20220611 13:36:02.539" level="INFO">Slept 3 seconds</msg>
<status status="PASS" starttime="20220611 13:35:59.538" endtime="20220611 13:36:02.539"/>
</kw>
<kw name="Then Element Should Contain" library="SeleniumLibrary">
<arg>${DIV_INFO}</arg>
<arg>You are done.</arg>
<doc>Verifies that element ``locator`` contains text ``expected``.</doc>
<msg timestamp="20220611 13:36:02.565" level="INFO">Element '//div[@id="contentInfo"]' contains text 'You are done.'.</msg>
<status status="PASS" starttime="20220611 13:36:02.540" endtime="20220611 13:36:02.565"/>
</kw>
<kw name="Close Browser" library="SeleniumLibrary">
<doc>Closes the current browser.</doc>
<status status="PASS" starttime="20220611 13:36:02.565" endtime="20220611 13:36:02.650"/>
</kw>
<timeout value="2 minutes"/>
<status status="PASS" starttime="20220611 13:35:47.405" endtime="20220611 13:36:02.650"/>
</test>
<kw name="Close All Browsers" library="SeleniumLibrary" type="TEARDOWN">
<doc>Closes all open browsers and resets the browser cache.</doc>
<status status="PASS" starttime="20220611 13:36:02.653" endtime="20220611 13:36:02.653"/>
</kw>
<status status="PASS" starttime="20220611 13:35:20.312" endtime="20220611 13:36:02.653"/>
</suite>
<statistics>
<total>
<stat pass="5" fail="0" skip="0">All Tests</stat>
</total>
<tag>
</tag>
<suite>
<stat pass="5" fail="0" skip="0" id="s1" name="Main">Main</stat>
</suite>
</statistics>
<errors>
</errors>
</robot>
